
 Exception during run: Error: Cannot find module '/Users/dkaran/Library/CloudStorage/OneDrive-BlackDuckSoftware/Desktop/ado-pr/blackduck-security-extension/blackduck-security-task/src/blackduck-security-task/azure-service-client' imported from /Users/dkaran/Library/CloudStorage/OneDrive-BlackDuckSoftware/Desktop/ado-pr/blackduck-security-extension/blackduck-security-task/test/unit/blackduck-security-task/azure-service-client.spec.ts
    at finalizeResolution (node:internal/modules/esm/resolve:275:11)
    at moduleResolve (node:internal/modules/esm/resolve:865:10)
    at defaultResolve (node:internal/modules/esm/resolve:991:11)
    at ModuleLoader.#cachedDefaultResolve (node:internal/modules/esm/loader:713:20)
    at ModuleLoader.#resolveAndMaybeBlockOnLoaderThread (node:internal/modules/esm/loader:730:38)
    at ModuleLoader.resolveSync (node:internal/modules/esm/loader:759:52)
    at ModuleLoader.#resolve (node:internal/modules/esm/loader:695:17)
    at ModuleLoader.getOrCreateModuleJob (node:internal/modules/esm/loader:615:35)
    at ModuleJob.syncLink (node:internal/modules/esm/module_job:160:33)
    at ModuleJob.link (node:internal/modules/esm/module_job:245:17)
    at new ModuleJob (node:internal/modules/esm/module_job:224:26)
    at ModuleLoader.#getOrCreateModuleJobAfterResolve (node:internal/modules/esm/loader:584:11)
    at afterResolve (node:internal/modules/esm/loader:619:52)
    at ModuleLoader.getOrCreateModuleJob (node:internal/modules/esm/loader:625:12)
    at onImport.tracePromise.__proto__ (node:internal/modules/esm/loader:644:32)
    at TracingChannel.tracePromise (node:diagnostics_channel:350:14)
    at ModuleLoader.import (node:internal/modules/esm/loader:640:21)
    at defaultImportModuleDynamicallyForScript (node:internal/modules/esm/utils:226:31)
    at importModuleDynamicallyCallback (node:internal/modules/esm/utils:250:12)
    at Object.exports.doImport (/Users/dkaran/Library/CloudStorage/OneDrive-BlackDuckSoftware/Desktop/ado-pr/blackduck-security-extension/blackduck-security-task/node_modules/mocha/lib/nodejs/esm-utils.js:35:41)
    at formattedImport (/Users/dkaran/Library/CloudStorage/OneDrive-BlackDuckSoftware/Desktop/ado-pr/blackduck-security-extension/blackduck-security-task/node_modules/mocha/lib/nodejs/esm-utils.js:9:28)
    at Object.exports.requireOrImport (/Users/dkaran/Library/CloudStorage/OneDrive-BlackDuckSoftware/Desktop/ado-pr/blackduck-security-extension/blackduck-security-task/node_modules/mocha/lib/nodejs/esm-utils.js:42:34)
    at Object.exports.loadFilesAsync (/Users/dkaran/Library/CloudStorage/OneDrive-BlackDuckSoftware/Desktop/ado-pr/blackduck-security-extension/blackduck-security-task/node_modules/mocha/lib/nodejs/esm-utils.js:100:34)
    at Mocha.loadFilesAsync (/Users/dkaran/Library/CloudStorage/OneDrive-BlackDuckSoftware/Desktop/ado-pr/blackduck-security-extension/blackduck-security-task/node_modules/mocha/lib/mocha.js:449:19)
    at singleRun (/Users/dkaran/Library/CloudStorage/OneDrive-BlackDuckSoftware/Desktop/ado-pr/blackduck-security-extension/blackduck-security-task/node_modules/mocha/lib/cli/run-helpers.js:162:15)
    at exports.runMocha (/Users/dkaran/Library/CloudStorage/OneDrive-BlackDuckSoftware/Desktop/ado-pr/blackduck-security-extension/blackduck-security-task/node_modules/mocha/lib/cli/run-helpers.js:239:10)
    at Object.exports.handler (/Users/dkaran/Library/CloudStorage/OneDrive-BlackDuckSoftware/Desktop/ado-pr/blackduck-security-extension/blackduck-security-task/node_modules/mocha/lib/cli/run.js:375:11)
    at /Users/dkaran/Library/CloudStorage/OneDrive-BlackDuckSoftware/Desktop/ado-pr/blackduck-security-extension/blackduck-security-task/node_modules/yargs/build/index.cjs:443:71 {
  code: 'ERR_MODULE_NOT_FOUND',
  url: 'file:///Users/dkaran/Library/CloudStorage/OneDrive-BlackDuckSoftware/Desktop/ado-pr/blackduck-security-extension/blackduck-security-task/src/blackduck-security-task/azure-service-client'
}
